<?xml version="1.0" encoding="UTF-8"?>
<!-- Generated by org.testng.reporters.JUnitReportReporter -->
<testsuite hostname="lin80035051" failures="0" tests="4" name="tests.ApiTest" time="1.524" errors="0" timestamp="2023-02-06T10:47:59 IST" skipped="2">
  <testcase classname="tests.ApiTest" name="validateAddResponse" time="1.414"/>
  <system-out/>
  <testcase classname="tests.ApiTest" name="validateGetRequest" time="0.110"/>
  <system-out/>
  <testcase classname="tests.ApiTest" name="validateAddResponsewithRequestPayloadAsMap">
    <skipped/>
  </testcase> <!-- validateAddResponsewithRequestPayloadAsMap -->
  <system-out/>
  <testcase classname="tests.ApiTest" name="endToEndTest">
    <skipped/>
  </testcase> <!-- endToEndTest -->
  <system-out/>
</testsuite> <!-- tests.ApiTest -->
